
/home/runner/work/exp-computational-complexity-dei/exp-computational-complexity-dei/experiment/simulation/js/main.js
    5:7   warning  'setText' is assigned a value but never used                   no-unused-vars
   55:33  warning  'idx' is defined but never used                                no-unused-vars
   72:33  warning  'idx' is defined but never used                                no-unused-vars
  158:7   warning  'handleAddAlgorithm' is assigned a value but never used        no-unused-vars
  170:7   warning  'handleAddCustomAlgorithm' is assigned a value but never used  no-unused-vars
  201:7   warning  'showAllSize' is assigned a value but never used               no-unused-vars
  201:22  warning  'algo' is defined but never used                               no-unused-vars
  213:16  warning  'idx' is defined but never used                                no-unused-vars
  218:17  warning  'algo' is defined but never used                               no-unused-vars
  379:7   warning  'handleNext' is assigned a value but never used                no-unused-vars
  387:7   warning  'handlePrev' is assigned a value but never used                no-unused-vars
  398:7   warning  'handleMaxTime' is assigned a value but never used             no-unused-vars
  412:7   warning  'runAlgo' is assigned a value but never used                   no-unused-vars
  574:23  warning  'Chart' is not defined                                         no-undef
  697:48  warning  'idx' is defined but never used                                no-unused-vars

/home/runner/work/exp-computational-complexity-dei/exp-computational-complexity-dei/experiment/simulation/lib/chart.umd.min.js
     9:8   warning  'module' is not defined                     no-undef
    10:38  warning  'define' is not defined                     no-undef
    11:7   warning  'define' is not defined                     no-undef
  1486:17  warning  Empty block statement                       no-empty
  1603:9   warning  Expected a 'break' statement before 'case'  no-fallthrough
  1616:9   warning  Expected a 'break' statement before 'case'  no-fallthrough
  2182:24  warning  's' is defined but never used               no-unused-vars
  2202:24  warning  's' is defined but never used               no-unused-vars
  2303:20  warning  't' is defined but never used               no-unused-vars
  2306:27  warning  'e' is defined but never used               no-unused-vars
  3107:20  warning  't' is defined but never used               no-unused-vars
  3107:23  warning  'e' is defined but never used               no-unused-vars
  3108:20  warning  't' is defined but never used               no-unused-vars
  3111:22  warning  't' is defined but never used               no-unused-vars
  3111:25  warning  'e' is defined but never used               no-unused-vars
  3111:28  warning  'i' is defined but never used               no-unused-vars
  3112:25  warning  't' is defined but never used               no-unused-vars
  3112:28  warning  'e' is defined but never used               no-unused-vars
  3112:31  warning  'i' is defined but never used               no-unused-vars
  3123:16  warning  't' is defined but never used               no-unused-vars
  3126:18  warning  't' is defined but never used               no-unused-vars
  3290:20  warning  'e.width' is assigned to itself             no-self-assign
  3889:12  warning  't' is defined but never used               no-unused-vars
  4063:20  warning  't' is defined but never used               no-unused-vars
  4063:23  warning  'e' is defined but never used               no-unused-vars
  4063:26  warning  'i' is defined but never used               no-unused-vars
  4063:29  warning  's' is defined but never used               no-unused-vars
  4306:14  warning  'e' is defined but never used               no-unused-vars
  4727:22  warning  't' is defined but never used               no-unused-vars
  4727:25  warning  'e' is defined but never used               no-unused-vars
  4730:22  warning  't' is defined but never used               no-unused-vars
  8588:14  warning  'e' is defined but never used               no-unused-vars
  9394:14  warning  'e' is defined but never used               no-unused-vars

✖ 48 problems (0 errors, 48 warnings)

